  [1m[35m (3.5ms)[0m  [1m[35mCREATE TABLE "schema_migrations" ("version" varchar NOT NULL PRIMARY KEY)[0m
  [1m[35m (0.3ms)[0m  [1m[35mCREATE TABLE "ar_internal_metadata" ("key" varchar NOT NULL PRIMARY KEY, "value" varchar, "created_at" datetime(6) NOT NULL, "updated_at" datetime(6) NOT NULL)[0m
  [1m[36mActiveRecord::InternalMetadata Load (0.1ms)[0m  [1m[34mSELECT * FROM "ar_internal_metadata" WHERE "ar_internal_metadata"."key" = ? ORDER BY "ar_internal_metadata"."key" ASC LIMIT 1[0m  [[nil, "environment"]]
  [1m[36mActiveRecord::InternalMetadata Create (0.2ms)[0m  [1m[32mINSERT INTO "ar_internal_metadata" ("key", "value", "created_at", "updated_at") VALUES ('environment', 'development', '2023-11-06 17:00:40.110857', '2023-11-06 17:00:40.110861') RETURNING "key"[0m
  [1m[36mActiveRecord::SchemaMigration Load (0.1ms)[0m  [1m[34mSELECT "schema_migrations"."version" FROM "schema_migrations" ORDER BY "schema_migrations"."version" ASC[0m
Migrating to CreateUsers (20231106165542)
  [1m[36mTRANSACTION (0.1ms)[0m  [1m[36mbegin transaction[0m
  [1m[35m (3.8ms)[0m  [1m[35mCREATE TABLE "users" ("id" integer PRIMARY KEY AUTOINCREMENT NOT NULL, "username" varchar, "email" varchar, "created_at" datetime(6) NOT NULL, "updated_at" datetime(6) NOT NULL)[0m
  [1m[36mActiveRecord::SchemaMigration Create (0.1ms)[0m  [1m[32mINSERT INTO "schema_migrations" ("version") VALUES ('20231106165542') RETURNING "version"[0m
  [1m[36mTRANSACTION (0.2ms)[0m  [1m[36mcommit transaction[0m
Migrating to CreatePosts (20231106165636)
  [1m[36mTRANSACTION (0.1ms)[0m  [1m[36mbegin transaction[0m
  [1m[35m (1.1ms)[0m  [1m[35mCREATE TABLE "posts" ("id" integer PRIMARY KEY AUTOINCREMENT NOT NULL, "author" varchar, "body" text, "user_id" integer NOT NULL, "created_at" datetime(6) NOT NULL, "updated_at" datetime(6) NOT NULL, CONSTRAINT "fk_rails_5b5ddfd518"
FOREIGN KEY ("user_id")
  REFERENCES "users" ("id")
)[0m
  [1m[35m (0.4ms)[0m  [1m[35mCREATE INDEX "index_posts_on_user_id" ON "posts" ("user_id")[0m
  [1m[36mActiveRecord::SchemaMigration Create (0.5ms)[0m  [1m[32mINSERT INTO "schema_migrations" ("version") VALUES ('20231106165636') RETURNING "version"[0m
  [1m[36mTRANSACTION (0.4ms)[0m  [1m[36mcommit transaction[0m
Migrating to AddTitleToPost (20231106165817)
  [1m[36mTRANSACTION (0.2ms)[0m  [1m[36mbegin transaction[0m
  [1m[35m (2.7ms)[0m  [1m[35mALTER TABLE "posts" ADD "title" varchar[0m
  [1m[36mActiveRecord::SchemaMigration Create (0.1ms)[0m  [1m[32mINSERT INTO "schema_migrations" ("version") VALUES ('20231106165817') RETURNING "version"[0m
  [1m[36mTRANSACTION (0.1ms)[0m  [1m[36mcommit transaction[0m
Migrating to RemoveAuthorFromPosts (20231106165914)
  [1m[36mTRANSACTION (0.1ms)[0m  [1m[36mbegin transaction[0m
  [1m[35m (0.1ms)[0m  [1m[35mPRAGMA foreign_keys[0m
  [1m[35m (0.1ms)[0m  [1m[35mPRAGMA defer_foreign_keys[0m
  [1m[35m (0.1ms)[0m  [1m[35mPRAGMA defer_foreign_keys = ON[0m
  [1m[35m (0.1ms)[0m  [1m[35mPRAGMA foreign_keys = OFF[0m
  [1m[35m (0.4ms)[0m  [1m[35mCREATE TEMPORARY TABLE "aposts" ("id" integer PRIMARY KEY AUTOINCREMENT NOT NULL, "author" varchar DEFAULT NULL, "body" text DEFAULT NULL, "user_id" integer NOT NULL, "created_at" datetime(6) NOT NULL, "updated_at" datetime(6) NOT NULL, "title" varchar DEFAULT NULL)[0m
  [1m[35m (0.2ms)[0m  [1m[35mCREATE INDEX "tindex_aposts_on_user_id" ON "aposts" ("user_id")[0m
  [1m[35m (0.1ms)[0m  [1m[32mINSERT INTO "aposts" ("id","author","body","user_id","created_at","updated_at","title")
                     SELECT "id","author","body","user_id","created_at","updated_at","title" FROM "posts"[0m
  [1m[35m (0.5ms)[0m  [1m[35mDROP TABLE "posts"[0m
  [1m[35m (0.9ms)[0m  [1m[35mCREATE TABLE "posts" ("id" integer PRIMARY KEY AUTOINCREMENT NOT NULL, "body" text DEFAULT NULL, "user_id" integer NOT NULL, "created_at" datetime(6) NOT NULL, "updated_at" datetime(6) NOT NULL, "title" varchar DEFAULT NULL, CONSTRAINT "fk_rails_5b5ddfd518"
FOREIGN KEY ("user_id")
  REFERENCES "users" ("id")
)[0m
  [1m[35m (0.2ms)[0m  [1m[35mCREATE INDEX "index_posts_on_user_id" ON "posts" ("user_id")[0m
  [1m[35m (0.1ms)[0m  [1m[32mINSERT INTO "posts" ("id","body","user_id","created_at","updated_at","title")
                     SELECT "id","body","user_id","created_at","updated_at","title" FROM "aposts"[0m
  [1m[35m (0.2ms)[0m  [1m[35mDROP TABLE "aposts"[0m
  [1m[35m (0.0ms)[0m  [1m[35mPRAGMA defer_foreign_keys = 0[0m
  [1m[35m (0.0ms)[0m  [1m[35mPRAGMA foreign_keys = 1[0m
  [1m[36mActiveRecord::SchemaMigration Create (0.2ms)[0m  [1m[32mINSERT INTO "schema_migrations" ("version") VALUES ('20231106165914') RETURNING "version"[0m
  [1m[36mTRANSACTION (0.2ms)[0m  [1m[36mcommit transaction[0m
Migrating to CreateComments (20231106170021)
  [1m[36mTRANSACTION (0.0ms)[0m  [1m[36mbegin transaction[0m
  [1m[35m (1.2ms)[0m  [1m[35mCREATE TABLE "comments" ("id" integer PRIMARY KEY AUTOINCREMENT NOT NULL, "commenter" varchar, "body" text, "post_id" integer NOT NULL, "created_at" datetime(6) NOT NULL, "updated_at" datetime(6) NOT NULL, CONSTRAINT "fk_rails_2fd19c0db7"
FOREIGN KEY ("post_id")
  REFERENCES "posts" ("id")
)[0m
  [1m[35m (0.1ms)[0m  [1m[35mCREATE INDEX "index_comments_on_post_id" ON "comments" ("post_id")[0m
  [1m[36mActiveRecord::SchemaMigration Create (0.2ms)[0m  [1m[32mINSERT INTO "schema_migrations" ("version") VALUES ('20231106170021') RETURNING "version"[0m
  [1m[36mTRANSACTION (0.2ms)[0m  [1m[36mcommit transaction[0m
  [1m[36mActiveRecord::SchemaMigration Load (0.1ms)[0m  [1m[34mSELECT "schema_migrations"."version" FROM "schema_migrations" ORDER BY "schema_migrations"."version" ASC[0m
Started GET "/" for ::1 at 2023-11-06 09:13:47 -0800
  [1m[36mActiveRecord::SchemaMigration Load (0.2ms)[0m  [1m[34mSELECT "schema_migrations"."version" FROM "schema_migrations" ORDER BY "schema_migrations"."version" ASC[0m
Processing by UsersController#index as HTML
  Rendering layout layouts/application.html.erb
  Rendering users/index.html.erb within layouts/application
  [1m[36mUser Load (0.2ms)[0m  [1m[34mSELECT "users".* FROM "users"[0m
  ↳ app/views/users/index.html.erb:6
  Rendered users/index.html.erb within layouts/application (Duration: 4.0ms | Allocations: 1542)
  Rendered layout layouts/application.html.erb (Duration: 436.8ms | Allocations: 98451)
Completed 200 OK in 627ms (Views: 451.8ms | ActiveRecord: 0.2ms | Allocations: 116675)


Started GET "/users/new" for ::1 at 2023-11-06 09:13:50 -0800
Processing by UsersController#new as HTML
  Rendering layout layouts/application.html.erb
  Rendering users/new.html.erb within layouts/application
  Rendered users/_form.html.erb (Duration: 32.0ms | Allocations: 5079)
  Rendered users/new.html.erb within layouts/application (Duration: 35.3ms | Allocations: 5349)
  Rendered layout layouts/application.html.erb (Duration: 40.8ms | Allocations: 7309)
Completed 200 OK in 79ms (Views: 41.6ms | ActiveRecord: 1.0ms | Allocations: 16119)


Started POST "/users" for ::1 at 2023-11-06 09:13:54 -0800
Processing by UsersController#create as TURBO_STREAM
  Parameters: {"authenticity_token"=>"[FILTERED]", "user"=>{"username"=>"sdsfs", "email"=>"fdsfsf"}, "commit"=>"Create User"}
  [1m[36mTRANSACTION (0.1ms)[0m  [1m[36mbegin transaction[0m
  ↳ app/controllers/users_controller.rb:21:in `create'
  [1m[36mUser Create (1.3ms)[0m  [1m[32mINSERT INTO "users" ("username", "email", "created_at", "updated_at") VALUES (?, ?, ?, ?) RETURNING "id"[0m  [["username", "sdsfs"], ["email", "fdsfsf"], ["created_at", "2023-11-06 17:13:54.888649"], ["updated_at", "2023-11-06 17:13:54.888649"]]
  ↳ app/controllers/users_controller.rb:21:in `create'
  [1m[36mTRANSACTION (0.1ms)[0m  [1m[36mcommit transaction[0m
  ↳ app/controllers/users_controller.rb:21:in `create'
Redirected to http://localhost:3000/users/1
Completed 302 Found in 9ms (ActiveRecord: 1.5ms | Allocations: 3544)


Started GET "/users/1" for ::1 at 2023-11-06 09:13:54 -0800
Processing by UsersController#show as TURBO_STREAM
  Parameters: {"id"=>"1"}
  [1m[36mUser Load (0.1ms)[0m  [1m[34mSELECT "users".* FROM "users" WHERE "users"."id" = ? LIMIT ?[0m  [["id", 1], ["LIMIT", 1]]
  ↳ app/controllers/users_controller.rb:7:in `show'
  Rendering layout layouts/application.html.erb
  Rendering users/show.html.erb within layouts/application
  Rendered users/show.html.erb within layouts/application (Duration: 1.0ms | Allocations: 275)
  Rendered layout layouts/application.html.erb (Duration: 6.9ms | Allocations: 2573)
Completed 200 OK in 18ms (Views: 7.8ms | ActiveRecord: 0.1ms | Allocations: 5475)


Started GET "/users/1/edit" for ::1 at 2023-11-06 09:13:56 -0800
Processing by UsersController#edit as HTML
  Parameters: {"id"=>"1"}
  [1m[36mUser Load (0.1ms)[0m  [1m[34mSELECT "users".* FROM "users" WHERE "users"."id" = ? LIMIT ?[0m  [["id", 1], ["LIMIT", 1]]
  ↳ app/controllers/users_controller.rb:29:in `edit'
  Rendering layout layouts/application.html.erb
  Rendering users/edit.html.erb within layouts/application
  Rendered users/_form.html.erb (Duration: 1.8ms | Allocations: 949)
  Rendered users/edit.html.erb within layouts/application (Duration: 2.5ms | Allocations: 1115)
  Rendered layout layouts/application.html.erb (Duration: 9.0ms | Allocations: 3055)
Completed 200 OK in 14ms (Views: 9.6ms | ActiveRecord: 0.1ms | Allocations: 3717)


Started PATCH "/users/1" for ::1 at 2023-11-06 09:13:59 -0800
Processing by UsersController#update as TURBO_STREAM
  Parameters: {"authenticity_token"=>"[FILTERED]", "user"=>{"username"=>"sdsfs", "email"=>"fdsfs"}, "commit"=>"Update User", "id"=>"1"}
  [1m[36mUser Load (0.1ms)[0m  [1m[34mSELECT "users".* FROM "users" WHERE "users"."id" = ? LIMIT ?[0m  [["id", 1], ["LIMIT", 1]]
  ↳ app/controllers/users_controller.rb:33:in `update'
  [1m[36mTRANSACTION (0.0ms)[0m  [1m[36mbegin transaction[0m
  ↳ app/controllers/users_controller.rb:35:in `update'
  [1m[36mUser Update (0.9ms)[0m  [1m[33mUPDATE "users" SET "email" = ?, "updated_at" = ? WHERE "users"."id" = ?[0m  [["email", "fdsfs"], ["updated_at", "2023-11-06 17:13:59.793876"], ["id", 1]]
  ↳ app/controllers/users_controller.rb:35:in `update'
  [1m[36mTRANSACTION (0.1ms)[0m  [1m[36mcommit transaction[0m
  ↳ app/controllers/users_controller.rb:35:in `update'
Redirected to http://localhost:3000/users/1
Completed 302 Found in 6ms (ActiveRecord: 1.1ms | Allocations: 2598)


Started GET "/users/1" for ::1 at 2023-11-06 09:13:59 -0800
Processing by UsersController#show as TURBO_STREAM
  Parameters: {"id"=>"1"}
  [1m[36mUser Load (0.1ms)[0m  [1m[34mSELECT "users".* FROM "users" WHERE "users"."id" = ? LIMIT ?[0m  [["id", 1], ["LIMIT", 1]]
  ↳ app/controllers/users_controller.rb:7:in `show'
  Rendering layout layouts/application.html.erb
  Rendering users/show.html.erb within layouts/application
  Rendered users/show.html.erb within layouts/application (Duration: 0.3ms | Allocations: 88)
  Rendered layout layouts/application.html.erb (Duration: 8.5ms | Allocations: 2349)
Completed 200 OK in 11ms (Views: 9.1ms | ActiveRecord: 0.1ms | Allocations: 2939)


Started GET "/users/" for ::1 at 2023-11-06 09:14:03 -0800
Processing by UsersController#index as HTML
  Rendering layout layouts/application.html.erb
  Rendering users/index.html.erb within layouts/application
  [1m[36mUser Load (0.1ms)[0m  [1m[34mSELECT "users".* FROM "users"[0m
  ↳ app/views/users/index.html.erb:6
  [1m[36mPost Load (0.1ms)[0m  [1m[34mSELECT "posts".* FROM "posts" WHERE "posts"."user_id" = ?[0m  [["user_id", 1]]
  ↳ app/views/users/index.html.erb:15
  Rendered users/index.html.erb within layouts/application (Duration: 84.0ms | Allocations: 10024)
  Rendered layout layouts/application.html.erb (Duration: 97.4ms | Allocations: 12197)
Completed 200 OK in 99ms (Views: 97.3ms | ActiveRecord: 0.6ms | Allocations: 12453)


Started GET "/users" for ::1 at 2023-11-06 09:14:03 -0800
Processing by UsersController#index as HTML
  Rendering layout layouts/application.html.erb
  Rendering users/index.html.erb within layouts/application
  [1m[36mUser Load (0.1ms)[0m  [1m[34mSELECT "users".* FROM "users"[0m
  ↳ app/views/users/index.html.erb:6
  [1m[36mPost Load (0.1ms)[0m  [1m[34mSELECT "posts".* FROM "posts" WHERE "posts"."user_id" = ?[0m  [["user_id", 1]]
  ↳ app/views/users/index.html.erb:15
  Rendered users/index.html.erb within layouts/application (Duration: 3.1ms | Allocations: 1484)
  Rendered layout layouts/application.html.erb (Duration: 7.6ms | Allocations: 3661)
Completed 200 OK in 10ms (Views: 9.3ms | ActiveRecord: 0.1ms | Allocations: 3917)


Started GET "/users/1" for ::1 at 2023-11-06 09:14:12 -0800
Processing by UsersController#show as HTML
  Parameters: {"id"=>"1"}
  [1m[36mUser Load (0.1ms)[0m  [1m[34mSELECT "users".* FROM "users" WHERE "users"."id" = ? LIMIT ?[0m  [["id", 1], ["LIMIT", 1]]
  ↳ app/controllers/users_controller.rb:7:in `show'
  Rendering layout layouts/application.html.erb
  Rendering users/show.html.erb within layouts/application
  Rendered users/show.html.erb within layouts/application (Duration: 0.2ms | Allocations: 88)
  Rendered layout layouts/application.html.erb (Duration: 3.8ms | Allocations: 2373)
Completed 200 OK in 6ms (Views: 4.2ms | ActiveRecord: 0.1ms | Allocations: 2960)


Started GET "/users/1/edit" for ::1 at 2023-11-06 09:14:17 -0800
Processing by UsersController#edit as HTML
  Parameters: {"id"=>"1"}
  [1m[36mUser Load (0.1ms)[0m  [1m[34mSELECT "users".* FROM "users" WHERE "users"."id" = ? LIMIT ?[0m  [["id", 1], ["LIMIT", 1]]
  ↳ app/controllers/users_controller.rb:29:in `edit'
  Rendering layout layouts/application.html.erb
  Rendering users/edit.html.erb within layouts/application
  Rendered users/_form.html.erb (Duration: 1.4ms | Allocations: 914)
  Rendered users/edit.html.erb within layouts/application (Duration: 1.6ms | Allocations: 978)
  Rendered layout layouts/application.html.erb (Duration: 5.3ms | Allocations: 2919)
Completed 200 OK in 7ms (Views: 5.8ms | ActiveRecord: 0.1ms | Allocations: 3501)


Started PATCH "/users/1" for ::1 at 2023-11-06 09:14:19 -0800
Processing by UsersController#update as TURBO_STREAM
  Parameters: {"authenticity_token"=>"[FILTERED]", "user"=>{"username"=>"sdsfs", "email"=>"fdsfs"}, "commit"=>"Update User", "id"=>"1"}
  [1m[36mUser Load (0.1ms)[0m  [1m[34mSELECT "users".* FROM "users" WHERE "users"."id" = ? LIMIT ?[0m  [["id", 1], ["LIMIT", 1]]
  ↳ app/controllers/users_controller.rb:33:in `update'
Redirected to http://localhost:3000/users/1
Completed 302 Found in 3ms (ActiveRecord: 0.1ms | Allocations: 1019)


Started GET "/users/1" for ::1 at 2023-11-06 09:14:19 -0800
Processing by UsersController#show as TURBO_STREAM
  Parameters: {"id"=>"1"}
  [1m[36mUser Load (0.1ms)[0m  [1m[34mSELECT "users".* FROM "users" WHERE "users"."id" = ? LIMIT ?[0m  [["id", 1], ["LIMIT", 1]]
  ↳ app/controllers/users_controller.rb:7:in `show'
  Rendering layout layouts/application.html.erb
  Rendering users/show.html.erb within layouts/application
  Rendered users/show.html.erb within layouts/application (Duration: 0.3ms | Allocations: 88)
  Rendered layout layouts/application.html.erb (Duration: 7.0ms | Allocations: 2373)
Completed 200 OK in 10ms (Views: 7.5ms | ActiveRecord: 0.1ms | Allocations: 2963)


Started GET "/users/1/edit" for ::1 at 2023-11-06 09:14:20 -0800
Processing by UsersController#edit as HTML
  Parameters: {"id"=>"1"}
  [1m[36mUser Load (0.5ms)[0m  [1m[34mSELECT "users".* FROM "users" WHERE "users"."id" = ? LIMIT ?[0m  [["id", 1], ["LIMIT", 1]]
  ↳ app/controllers/users_controller.rb:29:in `edit'
  Rendering layout layouts/application.html.erb
  Rendering users/edit.html.erb within layouts/application
  Rendered users/_form.html.erb (Duration: 1.2ms | Allocations: 914)
  Rendered users/edit.html.erb within layouts/application (Duration: 1.4ms | Allocations: 978)
  Rendered layout layouts/application.html.erb (Duration: 4.7ms | Allocations: 2918)
Completed 200 OK in 7ms (Views: 5.3ms | ActiveRecord: 0.5ms | Allocations: 3500)


Started PATCH "/users/1" for ::1 at 2023-11-06 09:14:22 -0800
Processing by UsersController#update as TURBO_STREAM
  Parameters: {"authenticity_token"=>"[FILTERED]", "user"=>{"username"=>"sdsfs", "email"=>"fdsfs"}, "commit"=>"Update User", "id"=>"1"}
  [1m[36mUser Load (0.1ms)[0m  [1m[34mSELECT "users".* FROM "users" WHERE "users"."id" = ? LIMIT ?[0m  [["id", 1], ["LIMIT", 1]]
  ↳ app/controllers/users_controller.rb:33:in `update'
Redirected to http://localhost:3000/users/1
Completed 302 Found in 4ms (ActiveRecord: 0.1ms | Allocations: 1018)


Started GET "/users/1" for ::1 at 2023-11-06 09:14:22 -0800
Processing by UsersController#show as TURBO_STREAM
  Parameters: {"id"=>"1"}
  [1m[36mUser Load (0.1ms)[0m  [1m[34mSELECT "users".* FROM "users" WHERE "users"."id" = ? LIMIT ?[0m  [["id", 1], ["LIMIT", 1]]
  ↳ app/controllers/users_controller.rb:7:in `show'
  Rendering layout layouts/application.html.erb
  Rendering users/show.html.erb within layouts/application
  Rendered users/show.html.erb within layouts/application (Duration: 0.3ms | Allocations: 88)
  Rendered layout layouts/application.html.erb (Duration: 5.7ms | Allocations: 2383)
Completed 200 OK in 8ms (Views: 6.3ms | ActiveRecord: 0.1ms | Allocations: 2973)


Started GET "/users/" for ::1 at 2023-11-06 09:14:25 -0800
Processing by UsersController#index as HTML
  Rendering layout layouts/application.html.erb
  Rendering users/index.html.erb within layouts/application
  [1m[36mUser Load (0.1ms)[0m  [1m[34mSELECT "users".* FROM "users"[0m
  ↳ app/views/users/index.html.erb:6
  [1m[36mPost Load (0.1ms)[0m  [1m[34mSELECT "posts".* FROM "posts" WHERE "posts"."user_id" = ?[0m  [["user_id", 1]]
  ↳ app/views/users/index.html.erb:15
  Rendered users/index.html.erb within layouts/application (Duration: 4.8ms | Allocations: 1480)
  Rendered layout layouts/application.html.erb (Duration: 8.6ms | Allocations: 3651)
Completed 200 OK in 10ms (Views: 9.0ms | ActiveRecord: 0.1ms | Allocations: 3906)


Started GET "/" for ::1 at 2023-11-06 09:14:26 -0800
Processing by UsersController#index as HTML
  Rendering layout layouts/application.html.erb
  Rendering users/index.html.erb within layouts/application
  [1m[36mUser Load (0.1ms)[0m  [1m[34mSELECT "users".* FROM "users"[0m
  ↳ app/views/users/index.html.erb:6
  [1m[36mPost Load (0.1ms)[0m  [1m[34mSELECT "posts".* FROM "posts" WHERE "posts"."user_id" = ?[0m  [["user_id", 1]]
  ↳ app/views/users/index.html.erb:15
  Rendered users/index.html.erb within layouts/application (Duration: 3.3ms | Allocations: 1480)
  Rendered layout layouts/application.html.erb (Duration: 10.2ms | Allocations: 3639)
Completed 200 OK in 11ms (Views: 10.7ms | ActiveRecord: 0.1ms | Allocations: 3894)


Started GET "/posts" for ::1 at 2023-11-06 09:14:27 -0800
  
ActionController::RoutingError (No route matches [GET] "/posts"):
  
Started GET "/" for ::1 at 2023-11-06 09:14:33 -0800
Processing by UsersController#index as HTML
  Rendering layout layouts/application.html.erb
  Rendering users/index.html.erb within layouts/application
  [1m[36mUser Load (0.1ms)[0m  [1m[34mSELECT "users".* FROM "users"[0m
  ↳ app/views/users/index.html.erb:6
  [1m[36mPost Load (0.1ms)[0m  [1m[34mSELECT "posts".* FROM "posts" WHERE "posts"."user_id" = ?[0m  [["user_id", 1]]
  ↳ app/views/users/index.html.erb:15
  Rendered users/index.html.erb within layouts/application (Duration: 3.1ms | Allocations: 1487)
  Rendered layout layouts/application.html.erb (Duration: 6.8ms | Allocations: 3685)
Completed 200 OK in 8ms (Views: 7.2ms | ActiveRecord: 0.1ms | Allocations: 3941)


Started GET "/users/1/posts/new" for ::1 at 2023-11-06 09:14:38 -0800
Processing by PostsController#new as HTML
  Parameters: {"user_id"=>"1"}
  [1m[36mUser Load (0.1ms)[0m  [1m[34mSELECT "users".* FROM "users" WHERE "users"."id" = ? LIMIT ?[0m  [["id", 1], ["LIMIT", 1]]
  ↳ app/controllers/posts_controller.rb:4:in `new'
  Rendering layout layouts/application.html.erb
  Rendering posts/new.html.erb within layouts/application
  Rendered posts/_form.html.erb (Duration: 11.6ms | Allocations: 1939)
  Rendered posts/new.html.erb within layouts/application (Duration: 14.1ms | Allocations: 2171)
  Rendered layout layouts/application.html.erb (Duration: 19.0ms | Allocations: 4114)
Completed 200 OK in 55ms (Views: 20.4ms | ActiveRecord: 0.1ms | Allocations: 11435)


Started POST "/users/1/posts" for ::1 at 2023-11-06 09:14:44 -0800
Processing by PostsController#create as TURBO_STREAM
  Parameters: {"authenticity_token"=>"[FILTERED]", "post"=>{"title"=>"fsfsfs", "body"=>"fsdfsfs"}, "commit"=>"Create Post", "user_id"=>"1"}
  [1m[36mUser Load (0.3ms)[0m  [1m[34mSELECT "users".* FROM "users" WHERE "users"."id" = ? LIMIT ?[0m  [["id", 1], ["LIMIT", 1]]
  ↳ app/controllers/posts_controller.rb:9:in `create'
  Rendering layout layouts/application.html.erb
  Rendering posts/new.html.erb within layouts/application
  Rendered posts/_form.html.erb (Duration: 2.3ms | Allocations: 1402)
  Rendered posts/new.html.erb within layouts/application (Duration: 2.5ms | Allocations: 1513)
  Rendered layout layouts/application.html.erb (Duration: 5.9ms | Allocations: 3453)
Completed 422 Unprocessable Entity in 11ms (Views: 6.6ms | ActiveRecord: 0.2ms | Allocations: 5401)


Started POST "/users/1/posts" for ::1 at 2023-11-06 09:14:46 -0800
Processing by PostsController#create as TURBO_STREAM
  Parameters: {"authenticity_token"=>"[FILTERED]", "post"=>{"title"=>"fsfsfs", "body"=>"fsdfskfsfdsfs"}, "commit"=>"Create Post", "user_id"=>"1"}
  [1m[36mUser Load (0.1ms)[0m  [1m[34mSELECT "users".* FROM "users" WHERE "users"."id" = ? LIMIT ?[0m  [["id", 1], ["LIMIT", 1]]
  ↳ app/controllers/posts_controller.rb:9:in `create'
  [1m[36mTRANSACTION (0.0ms)[0m  [1m[36mbegin transaction[0m
  ↳ app/controllers/posts_controller.rb:11:in `create'
  [1m[36mPost Create (1.0ms)[0m  [1m[32mINSERT INTO "posts" ("body", "user_id", "created_at", "updated_at", "title") VALUES (?, ?, ?, ?, ?) RETURNING "id"[0m  [["body", "fsdfskfsfdsfs"], ["user_id", 1], ["created_at", "2023-11-06 17:14:46.605896"], ["updated_at", "2023-11-06 17:14:46.605896"], ["title", "fsfsfs"]]
  ↳ app/controllers/posts_controller.rb:11:in `create'
  [1m[36mTRANSACTION (0.3ms)[0m  [1m[36mcommit transaction[0m
  ↳ app/controllers/posts_controller.rb:11:in `create'
Redirected to http://localhost:3000/
Completed 302 Found in 7ms (ActiveRecord: 1.3ms | Allocations: 2599)


Started GET "/" for ::1 at 2023-11-06 09:14:46 -0800
Processing by UsersController#index as TURBO_STREAM
  Rendering layout layouts/application.html.erb
  Rendering users/index.html.erb within layouts/application
  [1m[36mUser Load (0.1ms)[0m  [1m[34mSELECT "users".* FROM "users"[0m
  ↳ app/views/users/index.html.erb:6
  [1m[36mPost Load (0.1ms)[0m  [1m[34mSELECT "posts".* FROM "posts" WHERE "posts"."user_id" = ?[0m  [["user_id", 1]]
  ↳ app/views/users/index.html.erb:15
  [1m[36mComment Load (0.2ms)[0m  [1m[34mSELECT "comments".* FROM "comments" WHERE "comments"."post_id" = ?[0m  [["post_id", 1]]
  ↳ app/views/users/index.html.erb:32
  Rendered users/index.html.erb within layouts/application (Duration: 22.9ms | Allocations: 6060)
  Rendered layout layouts/application.html.erb (Duration: 29.3ms | Allocations: 8248)
Completed 200 OK in 31ms (Views: 29.4ms | ActiveRecord: 0.7ms | Allocations: 8509)


Started GET "/posts/1/comments/new" for ::1 at 2023-11-06 09:14:54 -0800
Processing by CommentsController#new as HTML
  Parameters: {"post_id"=>"1"}
  [1m[36mPost Load (0.1ms)[0m  [1m[34mSELECT "posts".* FROM "posts" WHERE "posts"."id" = ? LIMIT ?[0m  [["id", 1], ["LIMIT", 1]]
  ↳ app/controllers/comments_controller.rb:3:in `new'
  Rendering layout layouts/application.html.erb
  Rendering comments/new.html.erb within layouts/application
  Rendered comments/_form.html.erb (Duration: 5.2ms | Allocations: 1343)
  Rendered comments/new.html.erb within layouts/application (Duration: 7.8ms | Allocations: 1576)
  Rendered layout layouts/application.html.erb (Duration: 13.3ms | Allocations: 3519)
Completed 200 OK in 34ms (Views: 15.3ms | ActiveRecord: 0.1ms | Allocations: 9620)


Started POST "/posts/1/comments" for ::1 at 2023-11-06 09:15:00 -0800
Processing by CommentsController#create as TURBO_STREAM
  Parameters: {"authenticity_token"=>"[FILTERED]", "comment"=>{"commenter"=>"rfdfdgd", "body"=>"fsfsfsgrgdd"}, "commit"=>"Create Comment", "post_id"=>"1"}
  [1m[36mPost Load (0.1ms)[0m  [1m[34mSELECT "posts".* FROM "posts" WHERE "posts"."id" = ? LIMIT ?[0m  [["id", 1], ["LIMIT", 1]]
  ↳ app/controllers/comments_controller.rb:8:in `create'
  [1m[36mTRANSACTION (0.1ms)[0m  [1m[36mbegin transaction[0m
  ↳ app/controllers/comments_controller.rb:10:in `create'
  [1m[36mComment Create (0.9ms)[0m  [1m[32mINSERT INTO "comments" ("commenter", "body", "post_id", "created_at", "updated_at") VALUES (?, ?, ?, ?, ?) RETURNING "id"[0m  [["commenter", "rfdfdgd"], ["body", "fsfsfsgrgdd"], ["post_id", 1], ["created_at", "2023-11-06 17:15:00.072168"], ["updated_at", "2023-11-06 17:15:00.072168"]]
  ↳ app/controllers/comments_controller.rb:10:in `create'
  [1m[36mTRANSACTION (0.2ms)[0m  [1m[36mcommit transaction[0m
  ↳ app/controllers/comments_controller.rb:10:in `create'
Redirected to http://localhost:3000/
Completed 302 Found in 6ms (ActiveRecord: 1.2ms | Allocations: 2641)


Started GET "/" for ::1 at 2023-11-06 09:15:00 -0800
Processing by UsersController#index as TURBO_STREAM
  Rendering layout layouts/application.html.erb
  Rendering users/index.html.erb within layouts/application
  [1m[36mUser Load (0.1ms)[0m  [1m[34mSELECT "users".* FROM "users"[0m
  ↳ app/views/users/index.html.erb:6
  [1m[36mPost Load (0.1ms)[0m  [1m[34mSELECT "posts".* FROM "posts" WHERE "posts"."user_id" = ?[0m  [["user_id", 1]]
  ↳ app/views/users/index.html.erb:15
  [1m[36mComment Load (0.1ms)[0m  [1m[34mSELECT "comments".* FROM "comments" WHERE "comments"."post_id" = ?[0m  [["post_id", 1]]
  ↳ app/views/users/index.html.erb:32
  Rendered users/index.html.erb within layouts/application (Duration: 12.2ms | Allocations: 3824)
  Rendered layout layouts/application.html.erb (Duration: 17.5ms | Allocations: 5986)
Completed 200 OK in 19ms (Views: 18.0ms | ActiveRecord: 0.3ms | Allocations: 6246)


Started GET "/users/new" for ::1 at 2023-11-06 09:15:03 -0800
Processing by UsersController#new as HTML
  Rendering layout layouts/application.html.erb
  Rendering users/new.html.erb within layouts/application
  Rendered users/_form.html.erb (Duration: 1.2ms | Allocations: 893)
  Rendered users/new.html.erb within layouts/application (Duration: 1.4ms | Allocations: 957)
  Rendered layout layouts/application.html.erb (Duration: 3.9ms | Allocations: 2901)
Completed 200 OK in 5ms (Views: 4.8ms | ActiveRecord: 0.0ms | Allocations: 3160)


Started POST "/users" for ::1 at 2023-11-06 09:15:08 -0800
Processing by UsersController#create as TURBO_STREAM
  Parameters: {"authenticity_token"=>"[FILTERED]", "user"=>{"username"=>"fdfsfsf", "email"=>"fsdfsfsf"}, "commit"=>"Create User"}
  [1m[36mTRANSACTION (0.1ms)[0m  [1m[36mbegin transaction[0m
  ↳ app/controllers/users_controller.rb:21:in `create'
  [1m[36mUser Create (1.0ms)[0m  [1m[32mINSERT INTO "users" ("username", "email", "created_at", "updated_at") VALUES (?, ?, ?, ?) RETURNING "id"[0m  [["username", "fdfsfsf"], ["email", "fsdfsfsf"], ["created_at", "2023-11-06 17:15:08.205965"], ["updated_at", "2023-11-06 17:15:08.205965"]]
  ↳ app/controllers/users_controller.rb:21:in `create'
  [1m[36mTRANSACTION (0.1ms)[0m  [1m[36mcommit transaction[0m
  ↳ app/controllers/users_controller.rb:21:in `create'
Redirected to http://localhost:3000/users/2
Completed 302 Found in 5ms (ActiveRecord: 1.1ms | Allocations: 1943)


Started GET "/users/2" for ::1 at 2023-11-06 09:15:08 -0800
Processing by UsersController#show as TURBO_STREAM
  Parameters: {"id"=>"2"}
  [1m[36mUser Load (0.1ms)[0m  [1m[34mSELECT "users".* FROM "users" WHERE "users"."id" = ? LIMIT ?[0m  [["id", 2], ["LIMIT", 1]]
  ↳ app/controllers/users_controller.rb:7:in `show'
  Rendering layout layouts/application.html.erb
  Rendering users/show.html.erb within layouts/application
  Rendered users/show.html.erb within layouts/application (Duration: 0.3ms | Allocations: 88)
  Rendered layout layouts/application.html.erb (Duration: 6.9ms | Allocations: 2382)
Completed 200 OK in 9ms (Views: 7.4ms | ActiveRecord: 0.1ms | Allocations: 2972)


Started GET "/" for ::1 at 2023-11-07 19:44:43 -0800
  [1m[36mActiveRecord::SchemaMigration Load (0.2ms)[0m  [1m[34mSELECT "schema_migrations"."version" FROM "schema_migrations" ORDER BY "schema_migrations"."version" ASC[0m
Processing by UsersController#index as HTML
  Rendering layout layouts/application.html.erb
  Rendering users/index.html.erb within layouts/application
  [1m[36mUser Load (0.2ms)[0m  [1m[34mSELECT "users".* FROM "users"[0m
  ↳ app/views/users/index.html.erb:6
  [1m[36mPost Load (0.2ms)[0m  [1m[34mSELECT "posts".* FROM "posts" WHERE "posts"."user_id" = ?[0m  [["user_id", 1]]
  ↳ app/views/users/index.html.erb:15
  [1m[36mComment Load (0.2ms)[0m  [1m[34mSELECT "comments".* FROM "comments" WHERE "comments"."post_id" = ?[0m  [["post_id", 1]]
  ↳ app/views/users/index.html.erb:32
  [1m[36mPost Load (0.1ms)[0m  [1m[34mSELECT "posts".* FROM "posts" WHERE "posts"."user_id" = ?[0m  [["user_id", 2]]
  ↳ app/views/users/index.html.erb:15
  Rendered users/index.html.erb within layouts/application (Duration: 224.7ms | Allocations: 53796)
  Rendered layout layouts/application.html.erb (Duration: 270.9ms | Allocations: 67502)
Completed 200 OK in 404ms (Views: 284.5ms | ActiveRecord: 2.0ms | Allocations: 78611)


Started GET "/" for ::1 at 2023-11-07 19:45:06 -0800
Processing by UsersController#index as HTML
  Rendering layout layouts/application.html.erb
  Rendering users/index.html.erb within layouts/application
  [1m[36mUser Load (0.1ms)[0m  [1m[34mSELECT "users".* FROM "users"[0m
  ↳ app/views/users/index.html.erb:6
  [1m[36mPost Load (0.1ms)[0m  [1m[34mSELECT "posts".* FROM "posts" WHERE "posts"."user_id" = ?[0m  [["user_id", 1]]
  ↳ app/views/users/index.html.erb:15
  [1m[36mComment Load (0.1ms)[0m  [1m[34mSELECT "comments".* FROM "comments" WHERE "comments"."post_id" = ?[0m  [["post_id", 1]]
  ↳ app/views/users/index.html.erb:32
  [1m[36mPost Load (0.1ms)[0m  [1m[34mSELECT "posts".* FROM "posts" WHERE "posts"."user_id" = ?[0m  [["user_id", 2]]
  ↳ app/views/users/index.html.erb:15
  Rendered users/index.html.erb within layouts/application (Duration: 19.2ms | Allocations: 4567)
  Rendered layout layouts/application.html.erb (Duration: 41.8ms | Allocations: 7561)
Completed 200 OK in 43ms (Views: 42.1ms | ActiveRecord: 0.3ms | Allocations: 7827)


Started GET "/users/" for ::1 at 2023-11-07 19:45:06 -0800
Processing by UsersController#index as HTML
  Rendering layout layouts/application.html.erb
  Rendering users/index.html.erb within layouts/application
  [1m[36mUser Load (0.1ms)[0m  [1m[34mSELECT "users".* FROM "users"[0m
  ↳ app/views/users/index.html.erb:6
  [1m[36mPost Load (0.1ms)[0m  [1m[34mSELECT "posts".* FROM "posts" WHERE "posts"."user_id" = ?[0m  [["user_id", 1]]
  ↳ app/views/users/index.html.erb:15
  [1m[36mComment Load (0.1ms)[0m  [1m[34mSELECT "comments".* FROM "comments" WHERE "comments"."post_id" = ?[0m  [["post_id", 1]]
  ↳ app/views/users/index.html.erb:32
  [1m[36mPost Load (0.1ms)[0m  [1m[34mSELECT "posts".* FROM "posts" WHERE "posts"."user_id" = ?[0m  [["user_id", 2]]
  ↳ app/views/users/index.html.erb:15
  Rendered users/index.html.erb within layouts/application (Duration: 13.8ms | Allocations: 4559)
  Rendered layout layouts/application.html.erb (Duration: 20.3ms | Allocations: 6556)
Completed 200 OK in 22ms (Views: 20.8ms | ActiveRecord: 0.3ms | Allocations: 6820)


Started GET "/users/1" for ::1 at 2023-11-07 19:45:08 -0800
Processing by UsersController#show as HTML
  Parameters: {"id"=>"1"}
  [1m[36mUser Load (0.1ms)[0m  [1m[34mSELECT "users".* FROM "users" WHERE "users"."id" = ? LIMIT ?[0m  [["id", 1], ["LIMIT", 1]]
  ↳ app/controllers/users_controller.rb:7:in `show'
  Rendering layout layouts/application.html.erb
  Rendering users/show.html.erb within layouts/application
  Rendered users/show.html.erb within layouts/application (Duration: 2.8ms | Allocations: 266)
  Rendered layout layouts/application.html.erb (Duration: 6.1ms | Allocations: 2401)
Completed 200 OK in 11ms (Views: 7.5ms | ActiveRecord: 0.1ms | Allocations: 4065)


Started GET "/users/10" for ::1 at 2023-11-07 19:45:09 -0800
Processing by UsersController#show as HTML
  Parameters: {"id"=>"10"}
  [1m[36mUser Load (0.3ms)[0m  [1m[34mSELECT "users".* FROM "users" WHERE "users"."id" = ? LIMIT ?[0m  [["id", 10], ["LIMIT", 1]]
  ↳ app/controllers/users_controller.rb:7:in `show'
  Rendering public/404.html
  Rendered public/404.html (Duration: 0.4ms | Allocations: 6)
Completed 404 Not Found in 20ms (Views: 15.6ms | ActiveRecord: 0.3ms | Allocations: 13140)


Started GET "/" for ::1 at 2023-11-07 19:47:02 -0800
  [1m[36mActiveRecord::SchemaMigration Load (0.2ms)[0m  [1m[34mSELECT "schema_migrations"."version" FROM "schema_migrations" ORDER BY "schema_migrations"."version" ASC[0m
Processing by UsersController#index as HTML
  Rendering layout layouts/application.html.erb
  Rendering users/index.html.erb within layouts/application
  [1m[36mUser Load (0.1ms)[0m  [1m[34mSELECT "users".* FROM "users"[0m
  ↳ app/views/users/index.html.erb:6
  [1m[36mPost Load (0.2ms)[0m  [1m[34mSELECT "posts".* FROM "posts" WHERE "posts"."user_id" = ?[0m  [["user_id", 1]]
  ↳ app/views/users/index.html.erb:15
  [1m[36mComment Load (0.2ms)[0m  [1m[34mSELECT "comments".* FROM "comments" WHERE "comments"."post_id" = ?[0m  [["post_id", 1]]
  ↳ app/views/users/index.html.erb:32
  [1m[36mPost Load (0.1ms)[0m  [1m[34mSELECT "posts".* FROM "posts" WHERE "posts"."user_id" = ?[0m  [["user_id", 2]]
  ↳ app/views/users/index.html.erb:15
  Rendered users/index.html.erb within layouts/application (Duration: 181.9ms | Allocations: 53832)
  Rendered layout layouts/application.html.erb (Duration: 205.6ms | Allocations: 68968)
Completed 200 OK in 258ms (Views: 207.1ms | ActiveRecord: 2.7ms | Allocations: 80198)


